[debug] [2023-11-25T06:53:02.526Z] ----------------------------------------------------------------------
[debug] [2023-11-25T06:53:02.531Z] Command:       C:\Program Files\nodejs\node.exe C:\Users\LEONARDUS RICHARD\AppData\Roaming\npm\node_modules\firebase-tools\lib\bin\firebase.js init
[debug] [2023-11-25T06:53:02.532Z] CLI Version:   12.9.1
[debug] [2023-11-25T06:53:02.532Z] Platform:      win32
[debug] [2023-11-25T06:53:02.533Z] Node Version:  v18.18.2
[debug] [2023-11-25T06:53:02.535Z] Time:          Sat Nov 25 2023 13:53:02 GMT+0700 (Indochina Time)
[debug] [2023-11-25T06:53:02.535Z] ----------------------------------------------------------------------
[debug] 
[debug] [2023-11-25T06:53:02.665Z] > command requires scopes: ["email","openid","https://www.googleapis.com/auth/cloudplatformprojects.readonly","https://www.googleapis.com/auth/firebase","https://www.googleapis.com/auth/cloud-platform"]
[debug] [2023-11-25T06:53:02.666Z] > authorizing via signed-in user (leonardusrichard974@gmail.com)
[info] 
     ######## #### ########  ######## ########     ###     ######  ########
     ##        ##  ##     ## ##       ##     ##  ##   ##  ##       ##
     ######    ##  ########  ######   ########  #########  ######  ######
     ##        ##  ##    ##  ##       ##     ## ##     ##       ## ##
     ##       #### ##     ## ######## ########  ##     ##  ######  ########

You're about to initialize a Firebase project in this directory:

  C:\Users\LEONARDUS RICHARD\Backup TA PPB\tugasbesar-ppb

Before we get started, keep in mind:

  * You are initializing within an existing Firebase project directory

[info] 
=== Project Setup
[info] 
[info] First, let's associate this project directory with a Firebase project.
[info] You can create multiple project aliases by running firebase use --add, 
[info] but for now we'll just set up a default project.
[info] 
[debug] [2023-11-25T06:53:15.892Z] Using project from CLI flag: tugasbesar-ppb-8a735
[debug] [2023-11-25T06:53:15.896Z] >>> [apiv2][query] GET https://firebase.googleapis.com/v1beta1/projects/tugasbesar-ppb-8a735 [none]
[debug] [2023-11-25T06:53:16.648Z] <<< [apiv2][status] GET https://firebase.googleapis.com/v1beta1/projects/tugasbesar-ppb-8a735 200
[debug] [2023-11-25T06:53:16.648Z] <<< [apiv2][body] GET https://firebase.googleapis.com/v1beta1/projects/tugasbesar-ppb-8a735 {"projectId":"tugasbesar-ppb-8a735","projectNumber":"597535872392","displayName":"TugasBesar-PPB","name":"projects/tugasbesar-ppb-8a735","resources":{"hostingSite":"tugasbesar-ppb-8a735"},"state":"ACTIVE","etag":"1_0d310fd0-9965-422f-9f5c-55625d111a90"}
[info] i  Using project tugasbesar-ppb-8a735 (TugasBesar-PPB) 
[info] 
=== Hosting Setup
[debug] [2023-11-25T06:53:16.657Z] >>> [apiv2][query] GET https://firebase.googleapis.com/v1beta1/projects/tugasbesar-ppb-8a735 [none]
[debug] [2023-11-25T06:53:17.285Z] <<< [apiv2][status] GET https://firebase.googleapis.com/v1beta1/projects/tugasbesar-ppb-8a735 200
[debug] [2023-11-25T06:53:17.285Z] <<< [apiv2][body] GET https://firebase.googleapis.com/v1beta1/projects/tugasbesar-ppb-8a735 {"projectId":"tugasbesar-ppb-8a735","projectNumber":"597535872392","displayName":"TugasBesar-PPB","name":"projects/tugasbesar-ppb-8a735","resources":{"hostingSite":"tugasbesar-ppb-8a735"},"state":"ACTIVE","etag":"1_0d310fd0-9965-422f-9f5c-55625d111a90"}
[info] 
[info] Your public directory is the folder (relative to your project directory) that
[info] will contain Hosting assets to be uploaded with firebase deploy. If you
[info] have a build process for your assets, use your build's output directory.
[info] 
[debug] [2023-11-25T06:53:24.929Z] >>> [apiv2][query] GET https://www.gstatic.com/firebasejs/releases.json [none]
[debug] [2023-11-25T06:53:25.061Z] <<< [apiv2][status] GET https://www.gstatic.com/firebasejs/releases.json 200
[debug] [2023-11-25T06:53:25.062Z] <<< [apiv2][body] GET https://www.gstatic.com/firebasejs/releases.json {"current":{"version":"10.6.0","browserURL":"https://www.gstatic.com/firebasejs/10.6.0/firebase.js","packageURL":"https://www.gstatic.com/firebasejs/10.6.0/firebase.tgz"},"live":{"version":"10.6","browserURL":"https://www.gstatic.com/firebasejs/live/10.6/firebase.js","packageURL":"https://www.gstatic.com/firebasejs/live/10.6/firebase.tgz"},"components":{"analytics":"https://www.gstatic.com/firebasejs/10.6.0/firebase-analytics.js","app":"https://www.gstatic.com/firebasejs/10.6.0/firebase-app.js","app-check":"https://www.gstatic.com/firebasejs/10.6.0/firebase-app-check.js","auth":"https://www.gstatic.com/firebasejs/10.6.0/firebase-auth.js","auth/cordova":"https://www.gstatic.com/firebasejs/10.6.0/firebase-auth/cordova.js","functions":"https://www.gstatic.com/firebasejs/10.6.0/firebase-functions.js","firestore":"https://www.gstatic.com/firebasejs/10.6.0/firebase-firestore.js","firestore/lite":"https://www.gstatic.com/firebasejs/10.6.0/firebase-firestore/lite.js","installations":"https://www.gstatic.com/firebasejs/10.6.0/firebase-installations.js","storage":"https://www.gstatic.com/firebasejs/10.6.0/firebase-storage.js","performance":"https://www.gstatic.com/firebasejs/10.6.0/firebase-performance.js","remote-config":"https://www.gstatic.com/firebasejs/10.6.0/firebase-remote-config.js","messaging":"https://www.gstatic.com/firebasejs/10.6.0/firebase-messaging.js","messaging/sw":"https://www.gstatic.com/firebasejs/10.6.0/firebase-messaging/sw.js","database":"https://www.gstatic.com/firebasejs/10.6.0/firebase-database.js","firestore.memory":"https://www.gstatic.com/firebasejs/10.6.0/firebase-firestore.memory.js"}}
[info] i  Skipping write of build/index.html 
[info] 
[info] i  Didn't detect a .git folder. Assuming C:\Users\LEONARDUS RICHARD\Backup TA PPB\tugasbesar-ppb is the project root. 
[info] i  Authorizing with GitHub to upload your service account to a GitHub repository's secrets store. 
[info] 
[info] Visit this URL on this device to log in:
[info] https://github.com/login/oauth/authorize?client_id=89cf50f02ac6aaed3484&state=252617772&redirect_uri=http%3A%2F%2Flocalhost%3A9005&scope=read%3Auser%20repo%20public_repo
[info] 
[info] Waiting for authentication...
[debug] [2023-11-25T06:53:33.681Z] >>> [apiv2][query] POST https://github.com/login/oauth/access_token [none]
[debug] [2023-11-25T06:53:33.682Z] >>> [apiv2][body] POST https://github.com/login/oauth/access_token [stream]
[debug] [2023-11-25T06:53:34.129Z] <<< [apiv2][status] POST https://github.com/login/oauth/access_token 200
[debug] [2023-11-25T06:53:34.130Z] <<< [apiv2][body] POST https://github.com/login/oauth/access_token {"access_token":"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","token_type":"bearer","scope":"read:user,repo"}
[debug] [2023-11-25T06:53:34.140Z] >>> [apiv2][query] GET https://api.github.com/user [none]
[debug] [2023-11-25T06:53:34.674Z] <<< [apiv2][status] GET https://api.github.com/user 200
[debug] [2023-11-25T06:53:34.674Z] <<< [apiv2][body] GET https://api.github.com/user {"login":"LeonardusRichard","id":102172158,"node_id":"U_kgDOBhcF_g","avatar_url":"https://avatars.githubusercontent.com/u/102172158?v=4","gravatar_id":"","url":"https://api.github.com/users/LeonardusRichard","html_url":"https://github.com/LeonardusRichard","followers_url":"https://api.github.com/users/LeonardusRichard/followers","following_url":"https://api.github.com/users/LeonardusRichard/following{/other_user}","gists_url":"https://api.github.com/users/LeonardusRichard/gists{/gist_id}","starred_url":"https://api.github.com/users/LeonardusRichard/starred{/owner}{/repo}","subscriptions_url":"https://api.github.com/users/LeonardusRichard/subscriptions","organizations_url":"https://api.github.com/users/LeonardusRichard/orgs","repos_url":"https://api.github.com/users/LeonardusRichard/repos","events_url":"https://api.github.com/users/LeonardusRichard/events{/privacy}","received_events_url":"https://api.github.com/users/LeonardusRichard/received_events","type":"User","site_admin":false,"name":null,"company":null,"blog":"","location":null,"email":null,"hireable":null,"bio":null,"twitter_username":null,"public_repos":9,"public_gists":0,"followers":0,"following":0,"created_at":"2022-03-22T15:41:36Z","updated_at":"2023-11-25T06:16:38Z","private_gists":0,"total_private_repos":0,"owned_private_repos":0,"disk_usage":38,"collaborators":0,"two_factor_authentication":false,"plan":{"name":"free","space":976562499,"collaborators":0,"private_repos":10000}}
[info] 
[info] +  Success! Logged into GitHub as LeonardusRichard 
[info] 
[debug] [2023-11-25T06:55:27.778Z] ----------------------------------------------------------------------
[debug] [2023-11-25T06:55:27.781Z] Command:       C:\Program Files\nodejs\node.exe C:\Users\LEONARDUS RICHARD\AppData\Roaming\npm\node_modules\firebase-tools\lib\bin\firebase.js init
[debug] [2023-11-25T06:55:27.782Z] CLI Version:   12.9.1
[debug] [2023-11-25T06:55:27.783Z] Platform:      win32
[debug] [2023-11-25T06:55:27.783Z] Node Version:  v18.18.2
[debug] [2023-11-25T06:55:27.784Z] Time:          Sat Nov 25 2023 13:55:27 GMT+0700 (Indochina Time)
[debug] [2023-11-25T06:55:27.785Z] ----------------------------------------------------------------------
[debug] 
[debug] [2023-11-25T06:55:27.927Z] > command requires scopes: ["email","openid","https://www.googleapis.com/auth/cloudplatformprojects.readonly","https://www.googleapis.com/auth/firebase","https://www.googleapis.com/auth/cloud-platform"]
[debug] [2023-11-25T06:55:27.928Z] > authorizing via signed-in user (leonardusrichard974@gmail.com)
[info] 
     ######## #### ########  ######## ########     ###     ######  ########
     ##        ##  ##     ## ##       ##     ##  ##   ##  ##       ##
     ######    ##  ########  ######   ########  #########  ######  ######
     ##        ##  ##    ##  ##       ##     ## ##     ##       ## ##
     ##       #### ##     ## ######## ########  ##     ##  ######  ########

You're about to initialize a Firebase project in this directory:

  C:\Users\LEONARDUS RICHARD\Backup TA PPB\tugasbesar-ppb

Before we get started, keep in mind:

  * You are initializing within an existing Firebase project directory

[info] 
=== Project Setup
[info] 
[info] First, let's associate this project directory with a Firebase project.
[info] You can create multiple project aliases by running firebase use --add, 
[info] but for now we'll just set up a default project.
[info] 
[debug] [2023-11-25T06:55:35.029Z] Using project from CLI flag: tugasbesar-ppb-8a735
[debug] [2023-11-25T06:55:35.032Z] >>> [apiv2][query] GET https://firebase.googleapis.com/v1beta1/projects/tugasbesar-ppb-8a735 [none]
[debug] [2023-11-25T06:55:35.950Z] <<< [apiv2][status] GET https://firebase.googleapis.com/v1beta1/projects/tugasbesar-ppb-8a735 200
[debug] [2023-11-25T06:55:35.951Z] <<< [apiv2][body] GET https://firebase.googleapis.com/v1beta1/projects/tugasbesar-ppb-8a735 {"projectId":"tugasbesar-ppb-8a735","projectNumber":"597535872392","displayName":"TugasBesar-PPB","name":"projects/tugasbesar-ppb-8a735","resources":{"hostingSite":"tugasbesar-ppb-8a735"},"state":"ACTIVE","etag":"1_0d310fd0-9965-422f-9f5c-55625d111a90"}
[info] i  Using project tugasbesar-ppb-8a735 (TugasBesar-PPB) 
[info] 
=== Hosting Setup
[debug] [2023-11-25T06:55:35.959Z] >>> [apiv2][query] GET https://firebase.googleapis.com/v1beta1/projects/tugasbesar-ppb-8a735 [none]
[debug] [2023-11-25T06:55:36.388Z] <<< [apiv2][status] GET https://firebase.googleapis.com/v1beta1/projects/tugasbesar-ppb-8a735 200
[debug] [2023-11-25T06:55:36.389Z] <<< [apiv2][body] GET https://firebase.googleapis.com/v1beta1/projects/tugasbesar-ppb-8a735 {"projectId":"tugasbesar-ppb-8a735","projectNumber":"597535872392","displayName":"TugasBesar-PPB","name":"projects/tugasbesar-ppb-8a735","resources":{"hostingSite":"tugasbesar-ppb-8a735"},"state":"ACTIVE","etag":"1_0d310fd0-9965-422f-9f5c-55625d111a90"}
[info] 
[info] Your public directory is the folder (relative to your project directory) that
[info] will contain Hosting assets to be uploaded with firebase deploy. If you
[info] have a build process for your assets, use your build's output directory.
[info] 
[debug] [2023-11-25T06:55:42.857Z] >>> [apiv2][query] GET https://www.gstatic.com/firebasejs/releases.json [none]
[debug] [2023-11-25T06:55:43.004Z] <<< [apiv2][status] GET https://www.gstatic.com/firebasejs/releases.json 200
[debug] [2023-11-25T06:55:43.004Z] <<< [apiv2][body] GET https://www.gstatic.com/firebasejs/releases.json {"current":{"version":"10.6.0","browserURL":"https://www.gstatic.com/firebasejs/10.6.0/firebase.js","packageURL":"https://www.gstatic.com/firebasejs/10.6.0/firebase.tgz"},"live":{"version":"10.6","browserURL":"https://www.gstatic.com/firebasejs/live/10.6/firebase.js","packageURL":"https://www.gstatic.com/firebasejs/live/10.6/firebase.tgz"},"components":{"analytics":"https://www.gstatic.com/firebasejs/10.6.0/firebase-analytics.js","app":"https://www.gstatic.com/firebasejs/10.6.0/firebase-app.js","app-check":"https://www.gstatic.com/firebasejs/10.6.0/firebase-app-check.js","auth":"https://www.gstatic.com/firebasejs/10.6.0/firebase-auth.js","auth/cordova":"https://www.gstatic.com/firebasejs/10.6.0/firebase-auth/cordova.js","functions":"https://www.gstatic.com/firebasejs/10.6.0/firebase-functions.js","firestore":"https://www.gstatic.com/firebasejs/10.6.0/firebase-firestore.js","firestore/lite":"https://www.gstatic.com/firebasejs/10.6.0/firebase-firestore/lite.js","installations":"https://www.gstatic.com/firebasejs/10.6.0/firebase-installations.js","storage":"https://www.gstatic.com/firebasejs/10.6.0/firebase-storage.js","performance":"https://www.gstatic.com/firebasejs/10.6.0/firebase-performance.js","remote-config":"https://www.gstatic.com/firebasejs/10.6.0/firebase-remote-config.js","messaging":"https://www.gstatic.com/firebasejs/10.6.0/firebase-messaging.js","messaging/sw":"https://www.gstatic.com/firebasejs/10.6.0/firebase-messaging/sw.js","database":"https://www.gstatic.com/firebasejs/10.6.0/firebase-database.js","firestore.memory":"https://www.gstatic.com/firebasejs/10.6.0/firebase-firestore.memory.js"}}
[info] i  Skipping write of build/index.html 
[info] 
[info] i  Didn't detect a .git folder. Assuming C:\Users\LEONARDUS RICHARD\Backup TA PPB\tugasbesar-ppb is the project root. 
[info] i  Authorizing with GitHub to upload your service account to a GitHub repository's secrets store. 
[info] 
[info] Visit this URL on this device to log in:
[info] https://github.com/login/oauth/authorize?client_id=89cf50f02ac6aaed3484&state=613186239&redirect_uri=http%3A%2F%2Flocalhost%3A9005&scope=read%3Auser%20repo%20public_repo
[info] 
[info] Waiting for authentication...
[debug] [2023-11-25T06:55:46.042Z] >>> [apiv2][query] POST https://github.com/login/oauth/access_token [none]
[debug] [2023-11-25T06:55:46.043Z] >>> [apiv2][body] POST https://github.com/login/oauth/access_token [stream]
[debug] [2023-11-25T06:55:46.486Z] <<< [apiv2][status] POST https://github.com/login/oauth/access_token 200
[debug] [2023-11-25T06:55:46.486Z] <<< [apiv2][body] POST https://github.com/login/oauth/access_token {"access_token":"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","token_type":"bearer","scope":"read:user,repo"}
[debug] [2023-11-25T06:55:46.497Z] >>> [apiv2][query] GET https://api.github.com/user [none]
[debug] [2023-11-25T06:55:46.998Z] <<< [apiv2][status] GET https://api.github.com/user 200
[debug] [2023-11-25T06:55:46.998Z] <<< [apiv2][body] GET https://api.github.com/user {"login":"LeonardusRichard","id":102172158,"node_id":"U_kgDOBhcF_g","avatar_url":"https://avatars.githubusercontent.com/u/102172158?v=4","gravatar_id":"","url":"https://api.github.com/users/LeonardusRichard","html_url":"https://github.com/LeonardusRichard","followers_url":"https://api.github.com/users/LeonardusRichard/followers","following_url":"https://api.github.com/users/LeonardusRichard/following{/other_user}","gists_url":"https://api.github.com/users/LeonardusRichard/gists{/gist_id}","starred_url":"https://api.github.com/users/LeonardusRichard/starred{/owner}{/repo}","subscriptions_url":"https://api.github.com/users/LeonardusRichard/subscriptions","organizations_url":"https://api.github.com/users/LeonardusRichard/orgs","repos_url":"https://api.github.com/users/LeonardusRichard/repos","events_url":"https://api.github.com/users/LeonardusRichard/events{/privacy}","received_events_url":"https://api.github.com/users/LeonardusRichard/received_events","type":"User","site_admin":false,"name":null,"company":null,"blog":"","location":null,"email":null,"hireable":null,"bio":null,"twitter_username":null,"public_repos":9,"public_gists":0,"followers":0,"following":0,"created_at":"2022-03-22T15:41:36Z","updated_at":"2023-11-25T06:16:38Z","private_gists":0,"total_private_repos":0,"owned_private_repos":0,"disk_usage":38,"collaborators":0,"two_factor_authentication":false,"plan":{"name":"free","space":976562499,"collaborators":0,"private_repos":10000}}
[info] 
[info] +  Success! Logged into GitHub as LeonardusRichard 
[info] 
[debug] [2023-11-25T06:56:22.706Z] >>> [apiv2][query] GET https://api.github.com/repos/listLayarkaca-TugasBesar-PPB/actions/secrets/public-key type=owner
[debug] [2023-11-25T06:56:23.104Z] <<< [apiv2][status] GET https://api.github.com/repos/listLayarkaca-TugasBesar-PPB/actions/secrets/public-key 404
[debug] [2023-11-25T06:56:23.105Z] <<< [apiv2][body] GET https://api.github.com/repos/listLayarkaca-TugasBesar-PPB/actions/secrets/public-key {"message":"Not Found","documentation_url":"https://docs.github.com/rest"}
[info] 
[info] 
[error] !  The provided authorization cannot be used with this repository. If this repository is in an organization, did you remember to grant access? 
[info] 
[info] i  Action required: Visit this URL to ensure access has been granted to the appropriate organization(s) for the Firebase CLI GitHub OAuth App: 
[info] https://github.com/settings/connections/applications/89cf50f02ac6aaed3484
[info] 
[debug] [2023-11-25T06:57:43.673Z] >>> [apiv2][query] GET https://api.github.com/repos/listLayarkaca-TugasBesar-PPB/actions/secrets/public-key type=owner
[debug] [2023-11-25T06:57:44.072Z] <<< [apiv2][status] GET https://api.github.com/repos/listLayarkaca-TugasBesar-PPB/actions/secrets/public-key 404
[debug] [2023-11-25T06:57:44.072Z] <<< [apiv2][body] GET https://api.github.com/repos/listLayarkaca-TugasBesar-PPB/actions/secrets/public-key {"message":"Not Found","documentation_url":"https://docs.github.com/rest"}
[info] 
[info] 
[error] !  The provided authorization cannot be used with this repository. If this repository is in an organization, did you remember to grant access? 
[info] 
[info] i  Action required: Visit this URL to ensure access has been granted to the appropriate organization(s) for the Firebase CLI GitHub OAuth App: 
[info] https://github.com/settings/connections/applications/89cf50f02ac6aaed3484
[info] 
